/home/louis/.local/lib/python3.10/site-packages/Bio/Application/__init__.py:39: BiopythonDeprecationWarning: The Bio.Application modules and modules relying on it have been deprecated.

Due to the on going maintenance burden of keeping command line application
wrappers up to date, we have decided to deprecate and eventually remove these
modules.

We instead now recommend building your command line and invoking it directly
with the subprocess module.
  warnings.warn(
Here
 
 -------------- celery@pop-os v5.4.0 (opalescent)
--- ***** ----- 
-- ******* ---- Linux-6.9.3-76060903-generic-x86_64-with-glibc2.35 2025-01-29 17:35:55
- *** --- * --- 
- ** ---------- [config]
- ** ---------- .> app:         tasks:0x72315d1c1a20
- ** ---------- .> transport:   redis://localhost:6379/0
- ** ---------- .> results:     redis://localhost:6379/0
- *** --- * --- .> concurrency: 10 (prefork)
-- ******* ---- .> task events: OFF (enable -E to monitor tasks in this worker)
--- ***** ----- 
 -------------- [queues]
                .> celery           exchange=celery(direct) key=celery
                

[tasks]
  . tasks_celery.generate_2Dpairing_plot
  . tasks_celery.generate_annotate_plot
  . tasks_celery.generate_arc_plot
  . tasks_celery.generate_contact_maps_plot
  . tasks_celery.generate_dotbracket_plot
  . tasks_celery.generate_ds_motif_plot
  . tasks_celery.generate_ermsd_plot
  . tasks_celery.generate_escore_plot
  . tasks_celery.generate_jcoupling_plot
  . tasks_celery.generate_landscape_plot
  . tasks_celery.generate_rmsd_plot
  . tasks_celery.generate_sec_structure_plot
  . tasks_celery.generate_ss_motif_plot
  . tasks_celery.generate_torsion_plot

[2025-01-29 17:35:56,802: WARNING/MainProcess] /home/louis/.local/lib/python3.10/site-packages/celery/worker/consumer/consumer.py:508: CPendingDeprecationWarning: The broker_connection_retry configuration setting will no longer determine
whether broker connection retries are made during startup in Celery 6.0 and above.
If you wish to retain the existing behavior for retrying connections on startup,
you should set broker_connection_retry_on_startup to True.
  warnings.warn(

[2025-01-29 17:35:56,807: INFO/MainProcess] Connected to redis://localhost:6379/0
[2025-01-29 17:35:56,807: WARNING/MainProcess] /home/louis/.local/lib/python3.10/site-packages/celery/worker/consumer/consumer.py:508: CPendingDeprecationWarning: The broker_connection_retry configuration setting will no longer determine
whether broker connection retries are made during startup in Celery 6.0 and above.
If you wish to retain the existing behavior for retrying connections on startup,
you should set broker_connection_retry_on_startup to True.
  warnings.warn(

[2025-01-29 17:35:56,809: INFO/MainProcess] mingle: searching for neighbors
[2025-01-29 17:35:57,815: INFO/MainProcess] mingle: all alone
[2025-01-29 17:35:57,840: INFO/MainProcess] celery@pop-os ready.
[2025-01-29 17:36:01,784: INFO/MainProcess] Events of group {task} enabled by remote.
[2025-01-29 17:36:46,141: INFO/MainProcess] Task tasks_celery.generate_rmsd_plot[132b4097-b613-43bc-b5ee-f14900e3bea9] received
[2025-01-29 17:36:46,246: INFO/MainProcess] Task tasks_celery.generate_ermsd_plot[964edf80-0c9f-4b2c-8eef-9d51f2773ffd] received
[2025-01-29 17:36:46,351: INFO/MainProcess] Task tasks_celery.generate_sec_structure_plot[9931443e-e8b7-4e4d-a582-8f838fd0637d] received
[2025-01-29 17:36:46,364: WARNING/ForkPoolWorker-8] # found 
[2025-01-29 17:36:46,364: WARNING/ForkPoolWorker-8]  
[2025-01-29 17:36:46,364: WARNING/ForkPoolWorker-8] 213
[2025-01-29 17:36:46,364: WARNING/ForkPoolWorker-8]  
[2025-01-29 17:36:46,364: WARNING/ForkPoolWorker-8] atoms in common
[2025-01-29 17:36:46,456: INFO/MainProcess] Task tasks_celery.generate_dotbracket_plot[d16424bd-a12e-4030-9c9a-db5ad4706987] received
[2025-01-29 17:36:46,457: WARNING/ForkPoolWorker-1] # Loaded reference /media/louis/9cd13dc6-dcf0-4fea-90e9-ddb52c29bb29/THESE/PLOT_RNA/Plot_RNA2/static/bcee705eeff14b4986432a09b244355f/correct_conf.pdb 
# Loaded target /media/louis/9cd13dc6-dcf0-4fea-90e9-ddb52c29bb29/THESE/PLOT_RNA/Plot_RNA2/static/bcee705eeff14b4986432a09b244355f/traj_uploaded.xtc 
[2025-01-29 17:36:46,555: WARNING/ForkPoolWorker-9] # Loading /media/louis/9cd13dc6-dcf0-4fea-90e9-ddb52c29bb29/THESE/PLOT_RNA/Plot_RNA2/static/bcee705eeff14b4986432a09b244355f/traj_uploaded.xtc 
[2025-01-29 17:36:46,567: INFO/MainProcess] Task tasks_celery.generate_2Dpairing_plot[d63ad1a0-7739-48a6-9a3d-281e5d16d359] received
[2025-01-29 17:36:46,710: WARNING/ForkPoolWorker-8] RMSD calculation time: 0.56s
[2025-01-29 17:36:46,712: WARNING/ForkPoolWorker-2] # Loading /media/louis/9cd13dc6-dcf0-4fea-90e9-ddb52c29bb29/THESE/PLOT_RNA/Plot_RNA2/static/bcee705eeff14b4986432a09b244355f/traj_uploaded.xtc 
[2025-01-29 17:36:46,740: WARNING/ForkPoolWorker-8] Plot creation time: 0.03s
[2025-01-29 17:36:46,788: WARNING/ForkPoolWorker-10] # Loading /media/louis/9cd13dc6-dcf0-4fea-90e9-ddb52c29bb29/THESE/PLOT_RNA/Plot_RNA2/static/bcee705eeff14b4986432a09b244355f/traj_uploaded.xtc 
[2025-01-29 17:36:46,800: WARNING/ForkPoolWorker-8] Save time: 0.06s
[2025-01-29 17:36:46,806: WARNING/ForkPoolWorker-8] JSON conversion time: 0.01s
[2025-01-29 17:36:46,806: WARNING/ForkPoolWorker-8] Total RMSD plot generation time: 0.66s
[2025-01-29 17:36:46,809: INFO/ForkPoolWorker-8] Task tasks_celery.generate_rmsd_plot[132b4097-b613-43bc-b5ee-f14900e3bea9] succeeded in 0.6642102320001868s: '{"data": [{"legendrank": 1, "mode": "markers", "y": [0.8760695457458496, 0.8431217670440674, 0.853894054889679, 0.8343964219093323, 0.8237007856369019, 0.8181544542312622, 0.7656776905059814, 0.7782831192016602, 0.7795947790145874, 0.7790588736534119, 0.7669825553894043, 0.7654216885566711, 0.7461738586425781, 0.7203590869903564, 0.7306354641914368, 0.7058424353599548, 0.7044543623924255, 0.7064140439033508, 0.6945694088935852, 0.7034428715705872, 0.7034912705421448, 0.7212108969688416, 0.7213348746299744, 0.7491323351860046, 0.7360228300094604, 0.7233774662017822, 0.753899097442627, 0.7501952052116394, 0.725390613079071, 0.7354434132575989, 0.756371796131134, 0.7654664516448975, 0.758291482925415, 0.7791174054145813, 0.7903603911399841, 0.7933825254440308, 0.7702381610870361, 0.7780025601387024, 0.7527868747711182, 0.74636310338974, 0.7419669032096863, 0.763178288936615, 0.7722610831260681, 0.7475131154060364, 0.7507915496826172, 0.7530125379562378, 0.7510247826576233, 0.7580932974815369,...'
[2025-01-29 17:36:49,338: WARNING/ForkPoolWorker-1] ERMSD calculation time: 3.08s
[2025-01-29 17:36:49,358: WARNING/ForkPoolWorker-1] Plot creation time: 0.02s
[2025-01-29 17:36:49,412: WARNING/ForkPoolWorker-1] Save time: 0.05s
[2025-01-29 17:36:49,418: WARNING/ForkPoolWorker-1] JSON conversion time: 0.01s
[2025-01-29 17:36:49,419: WARNING/ForkPoolWorker-1] Total ERMSD plot generation time: 3.16s
[2025-01-29 17:36:49,424: INFO/ForkPoolWorker-1] Task tasks_celery.generate_ermsd_plot[964edf80-0c9f-4b2c-8eef-9d51f2773ffd] succeeded in 3.1751233969998793s: '{"data": [{"legendrank": 1, "mode": "markers", "y": [1.8161311503615905, 1.803257803236433, 1.8062914289091623, 1.791903840257875, 1.7805988440035425, 1.781609424374859, 1.889512942527916, 1.827357263427484, 1.8574372892181203, 1.8489996178322585, 1.8200298733619489, 1.8239585808450298, 1.7758832226636203, 1.81422613139659, 1.8105876236029979, 1.829427294914629, 1.8433033002157866, 1.8709264153448242, 1.8470728062792274, 1.8736273350874684, 1.8450441677211218, 1.8760498246560888, 1.8522540077114618, 1.8591923480727945, 1.8449424551576905, 1.773794951070033, 1.8011347972593907, 1.764116302786701, 1.7603389969672565, 1.8005922975683923, 1.786501973871564, 1.8040366426202055, 1.7464923973304247, 1.7950988206420246, 1.820697577918895, 1.80877184495968, 1.792187637735873, 1.8052719218246671, 1.8250202669404818, 1.822706374905928, 1.7977642122230577, 1.7802909570988112, 1.7948963544568055, 1.766828883656383, 1.782805816115337, 1.7694126328838142, 1.7978553628916656, 1.8023296957696773, 1.7541640502220275,...'
[2025-01-29 17:36:49,996: INFO/ForkPoolWorker-10] Task tasks_celery.generate_2Dpairing_plot[d63ad1a0-7739-48a6-9a3d-281e5d16d359] succeeded in 3.426921688999755s: '{"data": [{"colorbar": {"title": {"font": {"family": "Arial, sans-serif", "size": 14}, "side": "right", "text": "Density"}}, "colorscale": [[0.0, "rgb(255,247,236)"], [0.125, "rgb(254,232,200)"], [0.25, "rgb(253,212,158)"], [0.375, "rgb(253,187,132)"], [0.5, "rgb(252,141,89)"], [0.625, "rgb(239,101,72)"], [0.75, "rgb(215,48,31)"], [0.875, "rgb(179,0,0)"], [1.0, "rgb(127,0,0)"]], "contours": {"coloring": "heatmap", "end": 3392.0, "labelfont": {"color": "white", "size": 12}, "showlabels": true, "size": 169.6, "start": 0}, "x": [-1.1, -1.077777777777778, -1.0555555555555556, -1.0333333333333334, -1.0111111111111113, -0.9888888888888889, -0.9666666666666668, -0.9444444444444445, -0.9222222222222223, -0.9000000000000001, -0.8777777777777779, -0.8555555555555556, -0.8333333333333335, -0.8111111111111111, -0.788888888888889, -0.7666666666666667, -0.7444444444444445, -0.7222222222222223, -0.7000000000000001, -0.6777777777777778, -0.6555555555555557, -0.6333333333333334, -0.6111111111111112, -0.5888888888888889,...'
[2025-01-29 17:36:57,169: INFO/ForkPoolWorker-9] Task tasks_celery.generate_sec_structure_plot[9931443e-e8b7-4e4d-a582-8f838fd0637d] succeeded in 10.814994892999493s: [['..........', '..........', '..........', '..........', '..........', '..........', '..........', '..........', '..........', '..........', '..........', '..........', '..........', '..........', '..........', '..........', '..........', '..........', '..........', '..........', '..........', '..........', '..........', '..........', '..........', '..........', '..........', '..........', '..........', '..........', '..........', '..........', '..........', '..........', '..........', '..........', '..........', '..........', '..........', '..........', '..........', '..........', '..........', '..........', '..........', '..........', '..........', '..........', '..........', '..........', '..........', '..........', '..........', '..........', '..........', '..........', '..........', '..........', '..........', '..........', '..........', '..........', '..........', '..........', '..........', '..........', '..........', '..........', '..........', '..........', '..........', '..........', '..........', , ...]]
[2025-01-29 17:36:57,896: INFO/ForkPoolWorker-2] Task tasks_celery.generate_dotbracket_plot[d16424bd-a12e-4030-9c9a-db5ad4706987] succeeded in 11.437067316000139s: '{"data": [{"line": {"color": "rgb(57, 59, 121)", "width": 8}, "mode": "lines", "name": ".((....)).", "x": [396, 397, 398, null, 400, null, 403, 404, 405, 406, 407, 408, 409, 410, 411, null, 413, null, 417, null, 419, null, 421, null, 425, 426, null, 434, null, 436, null, 440, 441, null, 446, null, 449, 450, null, 453, 454, null, 456, 457, null, 459, 460, null, 462, 463, 464, 465, 466, 467, 468, 469, 470, null, 473, 474, 475, null, 477, null, 479, 480, 481, 482, null, 485, 486, 487, 488, 489, 490, 491, 492, 493, 494, 495, 496, 497, 498, 499, null, 502, 503, 504, null, 506, null, 508, 509, 510, null, 512, 513, 514, 515, 516, 517, null, 519, 520, 521, null, 524, 525, 526, 527, null, 529, 530, 531, null, 533, 534, 535, 536, null, 538, 539, 540, null, 542, 543, 544, 545, 546, 547, 548, 549, 550, null, 552, 553, 554, 555, 556, null, 558, 559, 560, 561, null, 563, null, 565, null, 567, 568, 569, null, 571, 572, 573, 574, 575, 576, 577, 578, null, 581, 582, 583, 584, null, 587, 588, 589, 590, 591, 592, 593, 594,...'
[2025-01-29 18:10:02,243: INFO/MainProcess] Task tasks_celery.generate_rmsd_plot[04677091-678a-4d8e-a760-0d87870b99cd] received
[2025-01-29 18:10:02,346: INFO/MainProcess] Task tasks_celery.generate_ermsd_plot[daffd29e-4c64-45d5-9836-20c6c288e2ee] received
[2025-01-29 18:10:02,448: WARNING/ForkPoolWorker-8] # found 
[2025-01-29 18:10:02,449: WARNING/ForkPoolWorker-8]  
[2025-01-29 18:10:02,449: WARNING/ForkPoolWorker-8] 213
[2025-01-29 18:10:02,449: WARNING/ForkPoolWorker-8]  
[2025-01-29 18:10:02,449: WARNING/ForkPoolWorker-8] atoms in common
[2025-01-29 18:10:02,450: INFO/MainProcess] Task tasks_celery.generate_sec_structure_plot[56aa9537-8d6f-4328-b002-051ebe5c37da] received
[2025-01-29 18:10:02,550: WARNING/ForkPoolWorker-1] # Loaded reference /media/louis/9cd13dc6-dcf0-4fea-90e9-ddb52c29bb29/THESE/PLOT_RNA/Plot_RNA2/static/bcee705eeff14b4986432a09b244355f/correct_conf.pdb 
# Loaded target /media/louis/9cd13dc6-dcf0-4fea-90e9-ddb52c29bb29/THESE/PLOT_RNA/Plot_RNA2/static/bcee705eeff14b4986432a09b244355f/traj_uploaded.xtc 
[2025-01-29 18:10:02,554: INFO/MainProcess] Task tasks_celery.generate_dotbracket_plot[5e39802d-8a07-4c35-8016-2dbe888acbe4] received
[2025-01-29 18:10:02,656: WARNING/ForkPoolWorker-9] # Loading /media/louis/9cd13dc6-dcf0-4fea-90e9-ddb52c29bb29/THESE/PLOT_RNA/Plot_RNA2/static/bcee705eeff14b4986432a09b244355f/traj_uploaded.xtc 
[2025-01-29 18:10:02,662: INFO/MainProcess] Task tasks_celery.generate_2Dpairing_plot[692256c2-1bf7-433c-871d-63b12715b805] received
[2025-01-29 18:10:02,758: WARNING/ForkPoolWorker-2] # Loading /media/louis/9cd13dc6-dcf0-4fea-90e9-ddb52c29bb29/THESE/PLOT_RNA/Plot_RNA2/static/bcee705eeff14b4986432a09b244355f/traj_uploaded.xtc 
[2025-01-29 18:10:02,785: WARNING/ForkPoolWorker-8] RMSD calculation time: 0.54s
[2025-01-29 18:10:02,789: WARNING/ForkPoolWorker-8] Plot creation time: 0.00s
[2025-01-29 18:10:02,854: WARNING/ForkPoolWorker-8] Save time: 0.06s
[2025-01-29 18:10:02,855: WARNING/ForkPoolWorker-10] # Loading /media/louis/9cd13dc6-dcf0-4fea-90e9-ddb52c29bb29/THESE/PLOT_RNA/Plot_RNA2/static/bcee705eeff14b4986432a09b244355f/traj_uploaded.xtc 
[2025-01-29 18:10:02,862: WARNING/ForkPoolWorker-8] JSON conversion time: 0.01s
[2025-01-29 18:10:02,862: WARNING/ForkPoolWorker-8] Total RMSD plot generation time: 0.61s
[2025-01-29 18:10:02,865: INFO/ForkPoolWorker-8] Task tasks_celery.generate_rmsd_plot[04677091-678a-4d8e-a760-0d87870b99cd] succeeded in 0.618304051999985s: '{"data": [{"legendrank": 1, "mode": "markers", "y": [0.8760695457458496, 0.8431217670440674, 0.853894054889679, 0.8343964219093323, 0.8237007856369019, 0.8181544542312622, 0.7656776905059814, 0.7782831192016602, 0.7795947790145874, 0.7790588736534119, 0.7669825553894043, 0.7654216885566711, 0.7461738586425781, 0.7203590869903564, 0.7306354641914368, 0.7058424353599548, 0.7044543623924255, 0.7064140439033508, 0.6945694088935852, 0.7034428715705872, 0.7034912705421448, 0.7212108969688416, 0.7213348746299744, 0.7491323351860046, 0.7360228300094604, 0.7233774662017822, 0.753899097442627, 0.7501952052116394, 0.725390613079071, 0.7354434132575989, 0.756371796131134, 0.7654664516448975, 0.758291482925415, 0.7791174054145813, 0.7903603911399841, 0.7933825254440308, 0.7702381610870361, 0.7780025601387024, 0.7527868747711182, 0.74636310338974, 0.7419669032096863, 0.763178288936615, 0.7722610831260681, 0.7475131154060364, 0.7507915496826172, 0.7530125379562378, 0.7510247826576233, 0.7580932974815369,...'
[2025-01-29 18:10:05,466: WARNING/ForkPoolWorker-1] ERMSD calculation time: 3.12s
[2025-01-29 18:10:05,469: WARNING/ForkPoolWorker-1] Plot creation time: 0.00s
[2025-01-29 18:10:05,538: WARNING/ForkPoolWorker-1] Save time: 0.05s
[2025-01-29 18:10:05,546: WARNING/ForkPoolWorker-1] JSON conversion time: 0.01s
[2025-01-29 18:10:05,546: WARNING/ForkPoolWorker-1] Total ERMSD plot generation time: 3.20s
[2025-01-29 18:10:05,552: INFO/ForkPoolWorker-1] Task tasks_celery.generate_ermsd_plot[daffd29e-4c64-45d5-9836-20c6c288e2ee] succeeded in 3.2035513989994797s: '{"data": [{"legendrank": 1, "mode": "markers", "y": [1.8161311503615905, 1.803257803236433, 1.8062914289091623, 1.791903840257875, 1.7805988440035425, 1.781609424374859, 1.889512942527916, 1.827357263427484, 1.8574372892181203, 1.8489996178322585, 1.8200298733619489, 1.8239585808450298, 1.7758832226636203, 1.81422613139659, 1.8105876236029979, 1.829427294914629, 1.8433033002157866, 1.8709264153448242, 1.8470728062792274, 1.8736273350874684, 1.8450441677211218, 1.8760498246560888, 1.8522540077114618, 1.8591923480727945, 1.8449424551576905, 1.773794951070033, 1.8011347972593907, 1.764116302786701, 1.7603389969672565, 1.8005922975683923, 1.786501973871564, 1.8040366426202055, 1.7464923973304247, 1.7950988206420246, 1.820697577918895, 1.80877184495968, 1.792187637735873, 1.8052719218246671, 1.8250202669404818, 1.822706374905928, 1.7977642122230577, 1.7802909570988112, 1.7948963544568055, 1.766828883656383, 1.782805816115337, 1.7694126328838142, 1.7978553628916656, 1.8023296957696773, 1.7541640502220275,...'
[2025-01-29 18:10:06,147: INFO/ForkPoolWorker-10] Task tasks_celery.generate_2Dpairing_plot[692256c2-1bf7-433c-871d-63b12715b805] succeeded in 3.483462961999976s: '{"data": [{"colorbar": {"title": {"font": {"family": "Arial, sans-serif", "size": 14}, "side": "right", "text": "Density"}}, "colorscale": [[0.0, "rgb(255,247,236)"], [0.125, "rgb(254,232,200)"], [0.25, "rgb(253,212,158)"], [0.375, "rgb(253,187,132)"], [0.5, "rgb(252,141,89)"], [0.625, "rgb(239,101,72)"], [0.75, "rgb(215,48,31)"], [0.875, "rgb(179,0,0)"], [1.0, "rgb(127,0,0)"]], "contours": {"coloring": "heatmap", "end": 3392.0, "labelfont": {"color": "white", "size": 12}, "showlabels": true, "size": 169.6, "start": 0}, "x": [-1.1, -1.077777777777778, -1.0555555555555556, -1.0333333333333334, -1.0111111111111113, -0.9888888888888889, -0.9666666666666668, -0.9444444444444445, -0.9222222222222223, -0.9000000000000001, -0.8777777777777779, -0.8555555555555556, -0.8333333333333335, -0.8111111111111111, -0.788888888888889, -0.7666666666666667, -0.7444444444444445, -0.7222222222222223, -0.7000000000000001, -0.6777777777777778, -0.6555555555555557, -0.6333333333333334, -0.6111111111111112, -0.5888888888888889,...'
[2025-01-29 18:10:13,814: INFO/ForkPoolWorker-9] Task tasks_celery.generate_sec_structure_plot[56aa9537-8d6f-4328-b002-051ebe5c37da] succeeded in 11.361226703999819s: [['..........', '..........', '..........', '..........', '..........', '..........', '..........', '..........', '..........', '..........', '..........', '..........', '..........', '..........', '..........', '..........', '..........', '..........', '..........', '..........', '..........', '..........', '..........', '..........', '..........', '..........', '..........', '..........', '..........', '..........', '..........', '..........', '..........', '..........', '..........', '..........', '..........', '..........', '..........', '..........', '..........', '..........', '..........', '..........', '..........', '..........', '..........', '..........', '..........', '..........', '..........', '..........', '..........', '..........', '..........', '..........', '..........', '..........', '..........', '..........', '..........', '..........', '..........', '..........', '..........', '..........', '..........', '..........', '..........', '..........', '..........', '..........', '..........', , ...]]
[2025-01-29 18:10:14,151: INFO/ForkPoolWorker-2] Task tasks_celery.generate_dotbracket_plot[5e39802d-8a07-4c35-8016-2dbe888acbe4] succeeded in 11.593703199000629s: '{"data": [{"line": {"color": "rgb(57, 59, 121)", "width": 8}, "mode": "lines", "name": ".((....)).", "x": [396, 397, 398, null, 400, null, 403, 404, 405, 406, 407, 408, 409, 410, 411, null, 413, null, 417, null, 419, null, 421, null, 425, 426, null, 434, null, 436, null, 440, 441, null, 446, null, 449, 450, null, 453, 454, null, 456, 457, null, 459, 460, null, 462, 463, 464, 465, 466, 467, 468, 469, 470, null, 473, 474, 475, null, 477, null, 479, 480, 481, 482, null, 485, 486, 487, 488, 489, 490, 491, 492, 493, 494, 495, 496, 497, 498, 499, null, 502, 503, 504, null, 506, null, 508, 509, 510, null, 512, 513, 514, 515, 516, 517, null, 519, 520, 521, null, 524, 525, 526, 527, null, 529, 530, 531, null, 533, 534, 535, 536, null, 538, 539, 540, null, 542, 543, 544, 545, 546, 547, 548, 549, 550, null, 552, 553, 554, 555, 556, null, 558, 559, 560, 561, null, 563, null, 565, null, 567, 568, 569, null, 571, 572, 573, 574, 575, 576, 577, 578, null, 581, 582, 583, 584, null, 587, 588, 589, 590, 591, 592, 593, 594,...'

worker: Warm shutdown (MainProcess)
