[I 250129 17:35:51 command:168] Visit me at http://0.0.0.0:5555
[I 250129 17:35:51 command:176] Broker: redis://localhost:6379/0
[I 250129 17:35:51 command:177] Registered tasks: 
    ['celery.accumulate',
     'celery.backend_cleanup',
     'celery.chain',
     'celery.chord',
     'celery.chord_unlock',
     'celery.chunks',
     'celery.group',
     'celery.map',
     'celery.starmap']
[I 250129 17:35:51 mixins:228] Connected to redis://localhost:6379/0
[W 250129 17:35:52 inspector:44] Inspect method revoked failed
[W 250129 17:35:52 inspector:44] Inspect method active failed
[W 250129 17:35:52 inspector:44] Inspect method reserved failed
[W 250129 17:35:52 inspector:44] Inspect method scheduled failed
[W 250129 17:35:52 inspector:44] Inspect method registered failed
[W 250129 17:35:52 inspector:44] Inspect method conf failed
[W 250129 17:35:52 inspector:44] Inspect method active_queues failed
[W 250129 17:35:52 inspector:44] Inspect method stats failed
[I 250129 18:15:30 command:28] 15 detected, shutting down
